<?xml version="1.0" encoding="UTF-8"?>
<testsuite name="Test"
           tests="3"
           failures="1"
           errors="0"
           skipped="1"
           time="11,587">
  <properties />
            <testcase name="openHomePage" time="0,000" classname="asseco.CBP.tests.FirstTestsWithoutLoginLogout">
                <failure type="org.openqa.selenium.WebDriverException"
                  message="Detected a page unload event; async script execution does not work across page loads
Command duration or timeout: 456 milliseconds
Build info: version: &apos;2.49.1&apos;, revision: &apos;808c23b0963853d375cbe54b90bbd052e2528a54&apos;, time: &apos;2016-01-21 09:37:52&apos;
System info: host: &apos;aps00062837-mb&apos;, ip: &apos;172.20.22.253&apos;, os.name: &apos;Windows 8.1&apos;, os.arch: &apos;x86&apos;, os.version: &apos;6.3&apos;, java.version: &apos;1.8.0_71&apos;
Driver info: org.openqa.selenium.firefox.FirefoxDriver
Capabilities [{applicationCacheEnabled=true, rotatable=false, handlesAlerts=true, databaseEnabled=true, version=44.0.2, platform=WINDOWS, nativeEvents=false, acceptSslCerts=true, webStorageEnabled=true, locationContextEnabled=true, browserName=firefox, takesScreenshot=true, javascriptEnabled=true, cssSelectorsEnabled=true}]
Session ID: 018c2763-4f2c-4226-b914-f7ca7199581b"
              >
<![CDATA[org.openqa.selenium.WebDriverException: Detected a page unload event; async script execution does not work across page loads
Command duration or timeout: 456 milliseconds
Build info: version: '2.49.1', revision: '808c23b0963853d375cbe54b90bbd052e2528a54', time: '2016-01-21 09:37:52'
System info: host: 'aps00062837-mb', ip: '172.20.22.253', os.name: 'Windows 8.1', os.arch: 'x86', os.version: '6.3', java.version: '1.8.0_71'
Driver info: org.openqa.selenium.firefox.FirefoxDriver
Capabilities [{applicationCacheEnabled=true, rotatable=false, handlesAlerts=true, databaseEnabled=true, version=44.0.2, platform=WINDOWS, nativeEvents=false, acceptSslCerts=true, webStorageEnabled=true, locationContextEnabled=true, browserName=firefox, takesScreenshot=true, javascriptEnabled=true, cssSelectorsEnabled=true}]
Session ID: 018c2763-4f2c-4226-b914-f7ca7199581b
  sun.reflect.NativeConstructorAccessorImpl.newInstance0(Native Method)
  sun.reflect.NativeConstructorAccessorImpl.newInstance(NativeConstructorAccessorImpl.java:62)
  sun.reflect.DelegatingConstructorAccessorImpl.newInstance(DelegatingConstructorAccessorImpl.java:45)
  java.lang.reflect.Constructor.newInstance(Constructor.java:422)
  org.openqa.selenium.remote.ErrorHandler.createThrowable(ErrorHandler.java:206)
  org.openqa.selenium.remote.ErrorHandler.throwIfResponseFailed(ErrorHandler.java:158)
  org.openqa.selenium.remote.RemoteWebDriver.execute(RemoteWebDriver.java:678)
  org.openqa.selenium.remote.RemoteWebDriver.executeAsyncScript(RemoteWebDriver.java:598)
  com.paulhammant.ngwebdriver.WaitForAngularRequestsToFinish.waitForAngularRequestsToFinish(WaitForAngularRequestsToFinish.java:11)
  com.paulhammant.ngwebdriver.WaitForAngularRequestsToFinish.waitForAngularRequestsToFinish(WaitForAngularRequestsToFinish.java:19)
  asseco.CBP.pages.HomePage.open(HomePage.java:19)
  asseco.CBP.tests.FirstTestsWithoutLoginLogout.openHomePage(FirstTestsWithoutLoginLogout.java:46)
  sun.reflect.NativeMethodAccessorImpl.invoke0(Native Method)
  sun.reflect.NativeMethodAccessorImpl.invoke(NativeMethodAccessorImpl.java:62)
  sun.reflect.DelegatingMethodAccessorImpl.invoke(DelegatingMethodAccessorImpl.java:43)
  java.lang.reflect.Method.invoke(Method.java:497)
  org.testng.internal.MethodInvocationHelper.invokeMethod(MethodInvocationHelper.java:86)
  org.testng.internal.Invoker.invokeConfigurationMethod(Invoker.java:514)
  org.testng.internal.Invoker.invokeConfigurations(Invoker.java:215)
  org.testng.internal.Invoker.invokeMethod(Invoker.java:589)
  org.testng.internal.Invoker.invokeTestMethod(Invoker.java:820)
  org.testng.internal.Invoker.invokeTestMethods(Invoker.java:1128)
  org.testng.internal.TestMethodWorker.invokeTestMethods(TestMethodWorker.java:129)
  org.testng.internal.TestMethodWorker.run(TestMethodWorker.java:112)
  org.testng.TestRunner.privateRun(TestRunner.java:782)
  org.testng.TestRunner.run(TestRunner.java:632)
  org.testng.SuiteRunner.runTest(SuiteRunner.java:366)
  org.testng.SuiteRunner.runSequentially(SuiteRunner.java:361)
  org.testng.SuiteRunner.privateRun(SuiteRunner.java:319)
  org.testng.SuiteRunner.run(SuiteRunner.java:268)
  org.testng.SuiteRunnerWorker.runSuite(SuiteRunnerWorker.java:52)
  org.testng.SuiteRunnerWorker.run(SuiteRunnerWorker.java:86)
  org.testng.TestNG.runSuitesSequentially(TestNG.java:1244)
  org.testng.TestNG.runSuitesLocally(TestNG.java:1169)
  org.testng.TestNG.run(TestNG.java:1064)
  org.testng.IDEARemoteTestNG.run(IDEARemoteTestNG.java:72)
  org.testng.RemoteTestNGStarter.main(RemoteTestNGStarter.java:122)
  sun.reflect.NativeMethodAccessorImpl.invoke0(Native Method)
  sun.reflect.NativeMethodAccessorImpl.invoke(NativeMethodAccessorImpl.java:62)
  sun.reflect.DelegatingMethodAccessorImpl.invoke(DelegatingMethodAccessorImpl.java:43)
  java.lang.reflect.Method.invoke(Method.java:497)
  com.intellij.rt.execution.application.AppMain.main(AppMain.java:144)
Caused by: org.openqa.selenium.WebDriverException: Detected a page unload event; async script execution does not work across page loads
Build info: version: '2.49.1', revision: '808c23b0963853d375cbe54b90bbd052e2528a54', time: '2016-01-21 09:37:52'
System info: host: 'aps00062837-mb', ip: '172.20.22.253', os.name: 'Windows 8.1', os.arch: 'x86', os.version: '6.3', java.version: '1.8.0_71'
Driver info: driver.version: unknown
  <anonymous class>.onunload(http://10.17.201.79:17017/frontend-web/app/index.html#/de/dashboard:56)
]]>
      </failure>

          </testcase>
  
            <testcase name="testZalogujiPrzelewZwykly2" time="0.0" classname="asseco.CBP.tests.FirstTestsWithoutLoginLogout">
          <skipped />
    </testcase>
  
            <testcase name="testZalogujiPrzelewZwykly" time="11,587" classname="asseco.CBP.tests.FirstTestsWithoutLoginLogout" />
      
</testsuite>
