<!DOCTYPE html PUBLIC "-//W3C//DTD XHTML 1.1//EN" "http://www.w3.org/TR/xhtml11/DTD/xhtml11.dtd">
<html xmlns="http://www.w3.org/1999/xhtml">
<head>
<title>TestNG Report</title>
<style type="text/css">
table {margin-bottom:10px;border-collapse:collapse;empty-cells:show}
td,th {border:1px solid #009;padding:.25em .5em}
.result th {vertical-align:bottom}
.param th {padding-left:1em;padding-right:1em}
.param td {padding-left:.5em;padding-right:2em}
.stripe td,.stripe th {background-color: #E6EBF9}
.numi,.numi_attn {text-align:right}
.total td {font-weight:bold}
.passedodd td {background-color: #0A0}
.passedeven td {background-color: #3F3}
.skippedodd td {background-color: #CCC}
.skippedodd td {background-color: #DDD}
.failedodd td,.numi_attn {background-color: #F33}
.failedeven td,.stripe .numi_attn {background-color: #D00}
.stacktrace {white-space:pre;font-family:monospace}
.totop {font-size:85%;text-align:center;border-bottom:2px solid #000}
</style>
</head>
<body>
<table cellspacing="0" cellpadding="0" class="testOverview">
<tr><th>Test</th><th>Methods<br/>Passed</th><th>Scenarios<br/>Passed</th><th># skipped</th><th># failed</th><th>Total<br/>Time</th><th>Included<br/>Groups</th><th>Excluded<br/>Groups</th></tr>
<tr><td style="text-align:left;padding-right:2em"><a href="#t1">Test</a></td><td class="numi">2</td><td class="numi">2</td><td class="numi_attn">1</td><td class="numi_attn">1</td><td class="numi">43,0 seconds</td><td class="numi"></td><td class="numi"></td></tr>
</table>
<table cellspacing="0" cellpadding="0" class="methodOverview" id="summary">
<tr><th>Class</th><th>Method</th><th># of<br/>Scenarios</th><th>Start</th><th>Time<br/>(ms)</th></tr>
<tr id="t1"><th colspan="5">Test &#8212; failed (configuration methods)</th></tr>
<tr class="failedodd"><td rowspan="2">asseco.CBP.tests.FirstTestsWithoutLoginLogout</td><td><a href="#m1"><b>openHomePage</b>  </a></td><td class="numi">1</td><td>1455722201954</td><td class="numi">0</td></tr><tr class="failedodd"><td><a href="#m2"><b>openHomePage</b>  </a></td><td class="numi">1</td><td>1455722201954</td><td class="numi">0</td></tr>
<tr><th colspan="5">Test &#8212; failed</th></tr>
<tr class="failedodd"><td>asseco.CBP.tests.FirstTests</td><td><a href="#m3"><b>testPrzelewZwykly2</b>  </a></td><td class="numi">1</td><td>1455722182589</td><td class="numi">1166</td></tr>
<tr><th colspan="5">Test &#8212; skipped</th></tr>
<tr class="skippedodd"><td>asseco.CBP.tests.FirstTestsWithoutLoginLogout</td><td><a href="#m4"><b>testZalogujiPrzelewZwykly2</b>  </a></td><td class="numi">1</td><td>1455722202474</td><td class="numi">0</td></tr>
<tr><th colspan="5">Test &#8212; passed</th></tr>
<tr class="passedodd"><td>asseco.CBP.tests.FirstTests</td><td><a href="#m5"><b>testPrzelewZwykly</b>  </a></td><td class="numi">1</td><td>1455722175686</td><td class="numi">6356</td></tr>
<tr class="passedeven"><td>asseco.CBP.tests.FirstTestsWithoutLoginLogout</td><td><a href="#m6"><b>testZalogujiPrzelewZwykly</b>  </a></td><td class="numi">1</td><td>1455722189689</td><td class="numi">11587</td></tr>
</table>
<h1>Test</h1>
<h2 id="m1">asseco.CBP.tests.FirstTestsWithoutLoginLogout:openHomePage</h2>
<div>
<div class="stacktrace">org.openqa.selenium.WebDriverException: Detected a page unload event; async script execution does not work across page loads
Command duration or timeout: 456 milliseconds
Build info: version: &apos;2.49.1&apos;, revision: &apos;808c23b0963853d375cbe54b90bbd052e2528a54&apos;, time: &apos;2016-01-21 09:37:52&apos;
System info: host: &apos;aps00062837-mb&apos;, ip: &apos;172.20.22.253&apos;, os.name: &apos;Windows 8.1&apos;, os.arch: &apos;x86&apos;, os.version: &apos;6.3&apos;, java.version: &apos;1.8.0_71&apos;
Driver info: org.openqa.selenium.firefox.FirefoxDriver
Capabilities [{applicationCacheEnabled=true, rotatable=false, handlesAlerts=true, databaseEnabled=true, version=44.0.2, platform=WINDOWS, nativeEvents=false, acceptSslCerts=true, webStorageEnabled=true, locationContextEnabled=true, browserName=firefox, takesScreenshot=true, javascriptEnabled=true, cssSelectorsEnabled=true}]
Session ID: 018c2763-4f2c-4226-b914-f7ca7199581b
	at org.openqa.selenium.remote.ErrorHandler.createThrowable(ErrorHandler.java:206)
	at org.openqa.selenium.remote.ErrorHandler.throwIfResponseFailed(ErrorHandler.java:158)
	at org.openqa.selenium.remote.RemoteWebDriver.execute(RemoteWebDriver.java:678)
	at org.openqa.selenium.remote.RemoteWebDriver.executeAsyncScript(RemoteWebDriver.java:598)
	at com.paulhammant.ngwebdriver.WaitForAngularRequestsToFinish.waitForAngularRequestsToFinish(WaitForAngularRequestsToFinish.java:11)
	at com.paulhammant.ngwebdriver.WaitForAngularRequestsToFinish.waitForAngularRequestsToFinish(WaitForAngularRequestsToFinish.java:19)
	at asseco.CBP.pages.HomePage.open(HomePage.java:19)
	at asseco.CBP.tests.FirstTestsWithoutLoginLogout.openHomePage(FirstTestsWithoutLoginLogout.java:46)
	at com.intellij.rt.execution.application.AppMain.main(AppMain.java:144)
Caused by: org.openqa.selenium.WebDriverException: Detected a page unload event; async script execution does not work across page loads
Build info: version: &apos;2.49.1&apos;, revision: &apos;808c23b0963853d375cbe54b90bbd052e2528a54&apos;, time: &apos;2016-01-21 09:37:52&apos;
System info: host: &apos;aps00062837-mb&apos;, ip: &apos;172.20.22.253&apos;, os.name: &apos;Windows 8.1&apos;, os.arch: &apos;x86&apos;, os.version: &apos;6.3&apos;, java.version: &apos;1.8.0_71&apos;
Driver info: driver.version: unknown
	at &lt;anonymous class&gt;.onunload(http://10.17.201.79:17017/frontend-web/app/index.html#/de/dashboard:56)
... Removed 33 stack frames</div>
</div>
<p class="totop"><a href="#summary">back to summary</a></p>
<h2 id="m2">asseco.CBP.tests.FirstTests:testPrzelewZwykly2</h2>
<div>
<div class="stacktrace">org.openqa.selenium.ElementNotVisibleException: Element is not currently visible and so may not be interacted with
Command duration or timeout: 12 milliseconds
Build info: version: &apos;2.49.1&apos;, revision: &apos;808c23b0963853d375cbe54b90bbd052e2528a54&apos;, time: &apos;2016-01-21 09:37:52&apos;
System info: host: &apos;aps00062837-mb&apos;, ip: &apos;172.20.22.253&apos;, os.name: &apos;Windows 8.1&apos;, os.arch: &apos;x86&apos;, os.version: &apos;6.3&apos;, java.version: &apos;1.8.0_71&apos;
Driver info: org.openqa.selenium.firefox.FirefoxDriver
Capabilities [{applicationCacheEnabled=true, rotatable=false, handlesAlerts=true, databaseEnabled=true, version=44.0.2, platform=WINDOWS, nativeEvents=false, acceptSslCerts=true, webStorageEnabled=true, locationContextEnabled=true, browserName=firefox, takesScreenshot=true, javascriptEnabled=true, cssSelectorsEnabled=true}]
Session ID: 82abcd99-8301-4a67-b292-b766fcd12335
	at org.openqa.selenium.remote.ErrorHandler.createThrowable(ErrorHandler.java:206)
	at org.openqa.selenium.remote.ErrorHandler.throwIfResponseFailed(ErrorHandler.java:158)
	at org.openqa.selenium.remote.RemoteWebDriver.execute(RemoteWebDriver.java:678)
	at org.openqa.selenium.remote.RemoteWebElement.execute(RemoteWebElement.java:327)
	at org.openqa.selenium.remote.RemoteWebElement.click(RemoteWebElement.java:85)
	at asseco.CBP.components.NavigationMenu.navigateToPayments(NavigationMenu.java:29)
	at asseco.CBP.tests.FirstTests.testPrzelewZwykly2(FirstTests.java:99)
	at com.intellij.rt.execution.application.AppMain.main(AppMain.java:144)
Caused by: org.openqa.selenium.ElementNotVisibleException: Element is not currently visible and so may not be interacted with
Build info: version: &apos;2.49.1&apos;, revision: &apos;808c23b0963853d375cbe54b90bbd052e2528a54&apos;, time: &apos;2016-01-21 09:37:52&apos;
System info: host: &apos;aps00062837-mb&apos;, ip: &apos;172.20.22.253&apos;, os.name: &apos;Windows 8.1&apos;, os.arch: &apos;x86&apos;, os.version: &apos;6.3&apos;, java.version: &apos;1.8.0_71&apos;
Driver info: driver.version: unknown
	at &lt;anonymous class&gt;.fxdriver.preconditions.visible(file:///C:/Users/LUKASZ~1.TKA/AppData/Local/Temp/anonymous7509238356683032817webdriver-profile/extensions/fxdriver@googlecode.com/components/command-processor.js:10003)
	at &lt;anonymous class&gt;.DelayedCommand.prototype.checkPreconditions_(file:///C:/Users/LUKASZ~1.TKA/AppData/Local/Temp/anonymous7509238356683032817webdriver-profile/extensions/fxdriver@googlecode.com/components/command-processor.js:12540)
	at &lt;anonymous class&gt;.DelayedCommand.prototype.executeInternal_/h(file:///C:/Users/LUKASZ~1.TKA/AppData/Local/Temp/anonymous7509238356683032817webdriver-profile/extensions/fxdriver@googlecode.com/components/command-processor.js:12557)
	at &lt;anonymous class&gt;.DelayedCommand.prototype.executeInternal_(file:///C:/Users/LUKASZ~1.TKA/AppData/Local/Temp/anonymous7509238356683032817webdriver-profile/extensions/fxdriver@googlecode.com/components/command-processor.js:12562)
	at &lt;anonymous class&gt;.DelayedCommand.prototype.execute/&lt;(file:///C:/Users/LUKASZ~1.TKA/AppData/Local/Temp/anonymous7509238356683032817webdriver-profile/extensions/fxdriver@googlecode.com/components/command-processor.js:12504)
... Removed 31 stack frames</div>
</div>
<p class="totop"><a href="#summary">back to summary</a></p>
<h2 id="m3">asseco.CBP.tests.FirstTestsWithoutLoginLogout:testZalogujiPrzelewZwykly2</h2>
<p class="totop"><a href="#summary">back to summary</a></p>
<h2 id="m4">asseco.CBP.tests.FirstTestsWithoutLoginLogout:testZalogujiPrzelewZwykly</h2>
<p class="totop"><a href="#summary">back to summary</a></p>
<h2 id="m5">asseco.CBP.tests.FirstTests:testPrzelewZwykly</h2>
<p class="totop"><a href="#summary">back to summary</a></p>
</body></html>
